<?xml version="1.0" encoding="UTF-8"?>
<!-- Generated by org.testng.reporters.JUnitReportReporter -->
<testsuite hostname="BISWAJIT2000" failures="0" tests="2" name="UI.copy.LoginTest" time="0.020" errors="0" timestamp="2022-10-29T12:58:33 IST" skipped="0">
  <testcase classname="UI.copy.LoginTest" name="bloginTest" time="0.013"/>
  <system-out/>
  <testcase classname="UI.copy.LoginTest" name="alogoutTest" time="0.007"/>
  <system-out/>
</testsuite> <!-- UI.copy.LoginTest -->
