<?xml version="1.0" encoding="UTF-8"?>
<!-- Generated by org.testng.reporters.JUnitReportReporter -->
<testsuite hostname="BISWAJIT2000" failures="0" tests="1" name="UI.copy.VerifyTitleANdText2" time="4.789" errors="0" timestamp="2022-08-01T12:22:03 IST" skipped="0">
  <testcase classname="UI.copy.VerifyTitleANdText2" name="ebay" time="4.789"/>
  <system-out/>
</testsuite> <!-- UI.copy.VerifyTitleANdText2 -->
