<?xml version="1.0" encoding="UTF-8"?>
<!-- Generated by org.testng.reporters.JUnitReportReporter -->
<testsuite hostname="BISWAJIT2000" failures="0" tests="4" name="UI.copy.DataProviderDemoTest1" time="0.014" errors="0" timestamp="2022-08-02T21:41:35 IST" skipped="0">
  <testcase classname="UI.copy.DataProviderDemoTest1" name="test" time="0.002"/>
  <system-out/>
  <testcase classname="UI.copy.DataProviderDemoTest1" name="test" time="0.002"/>
  <system-out/>
  <testcase classname="UI.copy.DataProviderDemoTest1" name="test" time="0.002"/>
  <system-out/>
  <testcase classname="UI.copy.DataProviderDemoTest1" name="test" time="0.008"/>
  <system-out/>
</testsuite> <!-- UI.copy.DataProviderDemoTest1 -->
