<?xml version="1.0" encoding="UTF-8"?>
<!-- Generated by org.testng.reporters.JUnitReportReporter -->
<testsuite hostname="BISWAJIT2000" failures="0" tests="8" name="UI.copy.DataProviderDemoTest" time="0.036" errors="0" timestamp="2022-10-21T11:36:37 IST" skipped="0">
  <testcase classname="UI.copy.DataProviderDemoTest" name="test" time="0.003"/>
  <system-out/>
  <testcase classname="UI.copy.DataProviderDemoTest" name="test1" time="0.003"/>
  <system-out/>
  <testcase classname="UI.copy.DataProviderDemoTest" name="test" time="0.014"/>
  <system-out/>
  <testcase classname="UI.copy.DataProviderDemoTest" name="test1" time="0.003"/>
  <system-out/>
  <testcase classname="UI.copy.DataProviderDemoTest" name="test" time="0.003"/>
  <system-out/>
  <testcase classname="UI.copy.DataProviderDemoTest" name="test1" time="0.004"/>
  <system-out/>
  <testcase classname="UI.copy.DataProviderDemoTest" name="test1" time="0.002"/>
  <system-out/>
  <testcase classname="UI.copy.DataProviderDemoTest" name="test" time="0.004"/>
  <system-out/>
</testsuite> <!-- UI.copy.DataProviderDemoTest -->
