<?xml version="1.0" encoding="UTF-8"?>
<!-- Generated by org.testng.reporters.JUnitReportReporter -->
<testsuite hostname="BISWAJIT2000" failures="0" tests="1" name="UI.copy.VerifyTitleANdText" time="5.256" errors="0" timestamp="2022-10-25T15:50:35 IST" skipped="0">
  <testcase classname="UI.copy.VerifyTitleANdText" name="ebay" time="5.256"/>
  <system-out/>
</testsuite> <!-- UI.copy.VerifyTitleANdText -->
