<?xml version="1.0" encoding="UTF-8"?>
<!-- Generated by org.testng.reporters.JUnitReportReporter -->
<testsuite hostname="BISWAJIT2000" failures="0" tests="4" name="UI.copy.GroupDemoTest" time="0.016" errors="0" timestamp="2022-10-25T15:50:35 IST" skipped="0">
  <testcase classname="UI.copy.GroupDemoTest" name="bTest3" time="0.002"/>
  <system-out/>
  <testcase classname="UI.copy.GroupDemoTest" name="bTest2" time="0.010"/>
  <system-out/>
  <testcase classname="UI.copy.GroupDemoTest" name="aTest1" time="0.002"/>
  <system-out/>
  <testcase classname="UI.copy.GroupDemoTest" name="bTest1" time="0.002"/>
  <system-out/>
</testsuite> <!-- UI.copy.GroupDemoTest -->
