<?xml version="1.0" encoding="UTF-8"?>
<!-- Generated by org.testng.reporters.JUnitReportReporter -->
<testsuite hostname="BISWAJIT2000" failures="0" tests="1" name="UI.copy.VerifyTitle" time="8.335" errors="0" timestamp="2022-10-25T15:50:35 IST" skipped="0">
  <testcase classname="UI.copy.VerifyTitle" name="ebay" time="8.335"/>
  <system-out/>
</testsuite> <!-- UI.copy.VerifyTitle -->
