<?xml version="1.0" encoding="UTF-8"?>
<!-- Generated by org.testng.reporters.JUnitReportReporter -->
<testsuite hostname="BISWAJIT2000" failures="0" tests="2" name="UI.copy.naveentestng" time="10.779" errors="0" timestamp="2022-10-01T16:32:15 IST" skipped="0">
  <testcase classname="UI.copy.naveentestng" name="googleGmailTest" time="6.047"/>
  <system-out/>
  <testcase classname="UI.copy.naveentestng" name="googleTitleTest" time="4.732"/>
  <system-out/>
</testsuite> <!-- UI.copy.naveentestng -->
