<?xml version="1.0" encoding="UTF-8"?>
<!-- Generated by org.testng.reporters.JUnitReportReporter -->
<testsuite hostname="BISWAJIT2000" failures="0" tests="3" name="UI.copy.SkipDemo" time="0.011" errors="0" timestamp="2022-10-28T11:14:46 IST" skipped="2">
  <testcase classname="UI.copy.SkipDemo" name="skipTest1" time="0.007"/>
  <system-out/>
  <testcase classname="UI.copy.SkipDemo" name="skipTest3" time="0.002">
    <skipped/>
  </testcase> <!-- skipTest3 -->
  <system-out/>
  <testcase classname="UI.copy.SkipDemo" name="skipTest2" time="0.002">
    <skipped/>
  </testcase> <!-- skipTest2 -->
  <system-out/>
</testsuite> <!-- UI.copy.SkipDemo -->
