<?xml version="1.0" encoding="UTF-8"?>
<!-- Generated by org.testng.reporters.JUnitReportReporter -->
<testsuite hostname="BISWAJIT2000" failures="0" tests="8" name="UI.copy.GroupDemoTest2" time="0.015" errors="0" timestamp="2022-08-01T12:30:13 IST" skipped="0">
  <testcase classname="UI.copy.GroupDemoTest2" name="bTest3" time="0.001"/>
  <system-out/>
  <testcase classname="UI.copy.GroupDemoTest2" name="bTest2" time="0.001"/>
  <system-out/>
  <testcase classname="UI.copy.GroupDemoTest2" name="bTest3" time="0.001"/>
  <system-out/>
  <testcase classname="UI.copy.GroupDemoTest2" name="bTest2" time="0.006"/>
  <system-out/>
  <testcase classname="UI.copy.GroupDemoTest2" name="aTest1" time="0.001"/>
  <system-out/>
  <testcase classname="UI.copy.GroupDemoTest2" name="aTest1" time="0.002"/>
  <system-out/>
  <testcase classname="UI.copy.GroupDemoTest2" name="bTest1" time="0.001"/>
  <system-out/>
  <testcase classname="UI.copy.GroupDemoTest2" name="bTest1" time="0.002"/>
  <system-out/>
</testsuite> <!-- UI.copy.GroupDemoTest2 -->
