<?xml version="1.0" encoding="UTF-8"?>
<!-- Generated by org.testng.reporters.JUnitReportReporter -->
<testsuite hostname="BISWAJIT2000" failures="0" tests="1" name="VerifyTitleANdText" time="9.221" errors="0" timestamp="2022-08-01T00:30:28 IST" skipped="0">
  <testcase classname="VerifyTitleANdText" name="ebay" time="9.221"/>
  <system-out/>
</testsuite> <!-- VerifyTitleANdText -->
