<?xml version="1.0" encoding="UTF-8"?>
<!-- Generated by org.testng.reporters.JUnitReportReporter -->
<testsuite hostname="BISWAJIT2000" failures="0" tests="1" name="VerifyTitle" time="3.975" errors="0" timestamp="2022-08-01T00:30:44 IST" skipped="0">
  <testcase classname="VerifyTitle" name="ebay" time="3.975"/>
  <system-out/>
</testsuite> <!-- VerifyTitle -->
