<?xml version="1.0" encoding="UTF-8"?>
<!-- Generated by org.testng.reporters.JUnitReportReporter -->
<testsuite hostname="BISWAJIT2000" failures="0" tests="2" name="LoginTest" time="0.009" errors="0" timestamp="2022-07-31T10:41:24 IST" skipped="0">
  <testcase classname="LoginTest" name="bloginTest" time="0.007"/>
  <system-out/>
  <testcase classname="LoginTest" name="alogoutTest" time="0.002"/>
  <system-out/>
</testsuite> <!-- LoginTest -->
