<?xml version="1.0" encoding="UTF-8"?>
<!-- Generated by org.testng.reporters.JUnitReportReporter -->
<testsuite hostname="BISWAJIT2000" failures="0" tests="1" name="VerifyTitleANdText2" time="5.654" errors="0" timestamp="2022-07-31T17:26:24 IST" skipped="0">
  <testcase classname="VerifyTitleANdText2" name="ebay" time="5.654"/>
  <system-out/>
</testsuite> <!-- VerifyTitleANdText2 -->
