<?xml version="1.0" encoding="UTF-8"?>
<!-- Generated by org.testng.reporters.JUnitReportReporter -->
<testsuite hostname="BISWAJIT2000" failures="0" tests="4" name="GroupDemoTest" time="0.015" errors="0" timestamp="2022-08-01T00:12:39 IST" skipped="0">
  <testcase classname="GroupDemoTest" name="bTest3" time="0.001"/>
  <system-out/>
  <testcase classname="GroupDemoTest" name="bTest2" time="0.011"/>
  <system-out/>
  <testcase classname="GroupDemoTest" name="aTest1" time="0.001"/>
  <system-out/>
  <testcase classname="GroupDemoTest" name="bTest1" time="0.002"/>
  <system-out/>
</testsuite> <!-- GroupDemoTest -->
